iteration [0m[33m0[0m
[
  [
    [0m[33m-1[0m[0m[2m,[0m [0m[33m0[0m[0m[2m,[0m [0m[33m-1[0m[0m[2m,[0m [0m[33m-2[0m[0m[2m,[0m [0m[33m0[0m[0m[2m,[0m [0m[33m1[0m[0m[2m,[0m [0m[33m0[0m[0m[2m,[0m [0m[33m0[0m[0m[2m,[0m [0m[33m0[0m[0m[2m,[0m [0m[33m0[0m[0m[2m,[0m [0m[33m0[0m
  ][0m[2m,[0m [
    [0m[33m0[0m[0m[2m,[0m [0m[33m0[0m[0m[2m,[0m [0m[33m0[0m[0m[2m,[0m [0m[33m1[0m[0m[2m,[0m [0m[33m1[0m[0m[2m,[0m [0m[33m0[0m[0m[2m,[0m [0m[33m0[0m[0m[2m,[0m [0m[33m0[0m[0m[2m,[0m [0m[33m0[0m[0m[2m,[0m [0m[33m0[0m[0m[2m,[0m [0m[33m0[0m
  ][0m[2m,[0m [
    [0m[33m0[0m[0m[2m,[0m [0m[33m0[0m[0m[2m,[0m [0m[33m0[0m[0m[2m,[0m [0m[33m0[0m[0m[2m,[0m [0m[33m0[0m[0m[2m,[0m [0m[33m0[0m[0m[2m,[0m [0m[33m1[0m[0m[2m,[0m [0m[33m0[0m[0m[2m,[0m [0m[33m0[0m[0m[2m,[0m [0m[33m0[0m[0m[2m,[0m [0m[33m0[0m
  ][0m[2m,[0m [
    [0m[33m0[0m[0m[2m,[0m [0m[33m1[0m[0m[2m,[0m [0m[33m0[0m[0m[2m,[0m [0m[33m0[0m[0m[2m,[0m [0m[33m0[0m[0m[2m,[0m [0m[33m0[0m[0m[2m,[0m [0m[33m0[0m[0m[2m,[0m [0m[33m-1[0m[0m[2m,[0m [0m[33m0[0m[0m[2m,[0m [0m[33m-1[0m[0m[2m,[0m [0m[33m-1[0m
  ][0m[2m,[0m [
    [0m[33m-1[0m[0m[2m,[0m [0m[33m0[0m[0m[2m,[0m [0m[33m-1[0m[0m[2m,[0m [0m[33m0[0m[0m[2m,[0m [0m[33m0[0m[0m[2m,[0m [0m[33m0[0m[0m[2m,[0m [0m[33m0[0m[0m[2m,[0m [0m[33m0[0m[0m[2m,[0m [0m[33m0[0m[0m[2m,[0m [0m[33m0[0m[0m[2m,[0m [0m[33m0[0m
  ][0m[2m,[0m [
    [0m[33m0[0m[0m[2m,[0m [0m[33m1[0m[0m[2m,[0m [0m[33m1[0m[0m[2m,[0m [0m[33m0[0m[0m[2m,[0m [0m[33m0[0m[0m[2m,[0m [0m[33m0[0m[0m[2m,[0m [0m[33m1[0m[0m[2m,[0m [0m[33m0[0m[0m[2m,[0m [0m[33m0[0m[0m[2m,[0m [0m[33m0[0m[0m[2m,[0m [0m[33m0[0m
  ][0m[2m,[0m [
    [0m[33m1[0m[0m[2m,[0m [0m[33m0[0m[0m[2m,[0m [0m[33m0[0m[0m[2m,[0m [0m[33m0[0m[0m[2m,[0m [0m[33m1[0m[0m[2m,[0m [0m[33m0[0m[0m[2m,[0m [0m[33m0[0m[0m[2m,[0m [0m[33m-1[0m[0m[2m,[0m [0m[33m0[0m[0m[2m,[0m [0m[33m0[0m[0m[2m,[0m [0m[33m0[0m
  ]
]
iteration [0m[33m1[0m
[
  [
    [0m[33m-1[0m[0m[2m,[0m [0m[33m0[0m[0m[2m,[0m [0m[33m-1[0m[0m[2m,[0m [0m[33m-2[0m[0m[2m,[0m [0m[33m0[0m[0m[2m,[0m [0m[33m2[0m[0m[2m,[0m [0m[33m0[0m[0m[2m,[0m [0m[33m0[0m[0m[2m,[0m [0m[33m1[0m[0m[2m,[0m [0m[33m0[0m[0m[2m,[0m [0m[33m0[0m
  ][0m[2m,[0m [
    [0m[33m0[0m[0m[2m,[0m [0m[33m0[0m[0m[2m,[0m [0m[33m0[0m[0m[2m,[0m [0m[33m0[0m[0m[2m,[0m [0m[33m0[0m[0m[2m,[0m [0m[33m0[0m[0m[2m,[0m [0m[33m0[0m[0m[2m,[0m [0m[33m0[0m[0m[2m,[0m [0m[33m0[0m[0m[2m,[0m [0m[33m0[0m[0m[2m,[0m [0m[33m0[0m
  ][0m[2m,[0m [
    [0m[33m0[0m[0m[2m,[0m [0m[33m0[0m[0m[2m,[0m [0m[33m1[0m[0m[2m,[0m [0m[33m0[0m[0m[2m,[0m [0m[33m0[0m[0m[2m,[0m [0m[33m0[0m[0m[2m,[0m [0m[33m0[0m[0m[2m,[0m [0m[33m0[0m[0m[2m,[0m [0m[33m0[0m[0m[2m,[0m [0m[33m0[0m[0m[2m,[0m [0m[33m0[0m
  ][0m[2m,[0m [
    [0m[33m0[0m[0m[2m,[0m [0m[33m1[0m[0m[2m,[0m [0m[33m0[0m[0m[2m,[0m [0m[33m0[0m[0m[2m,[0m [0m[33m0[0m[0m[2m,[0m [0m[33m0[0m[0m[2m,[0m [0m[33m-1[0m[0m[2m,[0m [0m[33m-1[0m[0m[2m,[0m [0m[33m0[0m[0m[2m,[0m [0m[33m-1[0m[0m[2m,[0m [0m[33m0[0m
  ][0m[2m,[0m [
    [0m[33m-1[0m[0m[2m,[0m [0m[33m0[0m[0m[2m,[0m [0m[33m-1[0m[0m[2m,[0m [0m[33m0[0m[0m[2m,[0m [0m[33m1[0m[0m[2m,[0m [0m[33m0[0m[0m[2m,[0m [0m[33m0[0m[0m[2m,[0m [0m[33m0[0m[0m[2m,[0m [0m[33m0[0m[0m[2m,[0m [0m[33m0[0m[0m[2m,[0m [0m[33m0[0m
  ][0m[2m,[0m [
    [0m[33m0[0m[0m[2m,[0m [0m[33m0[0m[0m[2m,[0m [0m[33m0[0m[0m[2m,[0m [0m[33m0[0m[0m[2m,[0m [0m[33m0[0m[0m[2m,[0m [0m[33m0[0m[0m[2m,[0m [0m[33m3[0m[0m[2m,[0m [0m[33m0[0m[0m[2m,[0m [0m[33m0[0m[0m[2m,[0m [0m[33m-1[0m[0m[2m,[0m [0m[33m0[0m
  ][0m[2m,[0m [
    [0m[33m0[0m[0m[2m,[0m [0m[33m0[0m[0m[2m,[0m [0m[33m1[0m[0m[2m,[0m [0m[33m1[0m[0m[2m,[0m [0m[33m0[0m[0m[2m,[0m [0m[33m0[0m[0m[2m,[0m [0m[33m0[0m[0m[2m,[0m [0m[33m-1[0m[0m[2m,[0m [0m[33m0[0m[0m[2m,[0m [0m[33m0[0m[0m[2m,[0m [0m[33m0[0m
  ]
]
iteration [0m[33m2[0m
[
  [
    [0m[33m-1[0m[0m[2m,[0m [0m[33m0[0m[0m[2m,[0m [0m[33m-1[0m[0m[2m,[0m [0m[33m-2[0m[0m[2m,[0m [0m[33m0[0m[0m[2m,[0m [0m[33m0[0m[0m[2m,[0m [0m[33m0[0m[0m[2m,[0m [0m[33m0[0m[0m[2m,[0m [0m[33m0[0m[0m[2m,[0m [0m[33m0[0m[0m[2m,[0m [0m[33m0[0m
  ][0m[2m,[0m [
    [0m[33m1[0m[0m[2m,[0m [0m[33m0[0m[0m[2m,[0m [0m[33m0[0m[0m[2m,[0m [0m[33m1[0m[0m[2m,[0m [0m[33m0[0m[0m[2m,[0m [0m[33m0[0m[0m[2m,[0m [0m[33m0[0m[0m[2m,[0m [0m[33m0[0m[0m[2m,[0m [0m[33m1[0m[0m[2m,[0m [0m[33m0[0m[0m[2m,[0m [0m[33m0[0m
  ][0m[2m,[0m [
    [0m[33m0[0m[0m[2m,[0m [0m[33m0[0m[0m[2m,[0m [0m[33m0[0m[0m[2m,[0m [0m[33m1[0m[0m[2m,[0m [0m[33m1[0m[0m[2m,[0m [0m[33m0[0m[0m[2m,[0m [0m[33m0[0m[0m[2m,[0m [0m[33m1[0m[0m[2m,[0m [0m[33m1[0m[0m[2m,[0m [0m[33m1[0m[0m[2m,[0m [0m[33m0[0m
  ][0m[2m,[0m [
    [0m[33m1[0m[0m[2m,[0m [0m[33m0[0m[0m[2m,[0m [0m[33m0[0m[0m[2m,[0m [0m[33m0[0m[0m[2m,[0m [0m[33m0[0m[0m[2m,[0m [0m[33m0[0m[0m[2m,[0m [0m[33m-1[0m[0m[2m,[0m [0m[33m-1[0m[0m[2m,[0m [0m[33m0[0m[0m[2m,[0m [0m[33m-1[0m[0m[2m,[0m [0m[33m-1[0m
  ][0m[2m,[0m [
    [0m[33m-1[0m[0m[2m,[0m [0m[33m0[0m[0m[2m,[0m [0m[33m-1[0m[0m[2m,[0m [0m[33m0[0m[0m[2m,[0m [0m[33m1[0m[0m[2m,[0m [0m[33m0[0m[0m[2m,[0m [0m[33m0[0m[0m[2m,[0m [0m[33m0[0m[0m[2m,[0m [0m[33m1[0m[0m[2m,[0m [0m[33m0[0m[0m[2m,[0m [0m[33m0[0m
  ][0m[2m,[0m [
    [0m[33m0[0m[0m[2m,[0m [0m[33m0[0m[0m[2m,[0m [0m[33m0[0m[0m[2m,[0m [0m[33m0[0m[0m[2m,[0m [0m[33m1[0m[0m[2m,[0m [0m[33m0[0m[0m[2m,[0m [0m[33m0[0m[0m[2m,[0m [0m[33m0[0m[0m[2m,[0m [0m[33m0[0m[0m[2m,[0m [0m[33m-1[0m[0m[2m,[0m [0m[33m0[0m
  ][0m[2m,[0m [
    [0m[33m0[0m[0m[2m,[0m [0m[33m0[0m[0m[2m,[0m [0m[33m0[0m[0m[2m,[0m [0m[33m0[0m[0m[2m,[0m [0m[33m0[0m[0m[2m,[0m [0m[33m0[0m[0m[2m,[0m [0m[33m0[0m[0m[2m,[0m [0m[33m-1[0m[0m[2m,[0m [0m[33m0[0m[0m[2m,[0m [0m[33m0[0m[0m[2m,[0m [0m[33m0[0m
  ]
]
iteration [0m[33m3[0m
[
  [
    [0m[33m-1[0m[0m[2m,[0m [0m[33m0[0m[0m[2m,[0m [0m[33m-1[0m[0m[2m,[0m [0m[33m-2[0m[0m[2m,[0m [0m[33m0[0m[0m[2m,[0m [0m[33m0[0m[0m[2m,[0m [0m[33m0[0m[0m[2m,[0m [0m[33m0[0m[0m[2m,[0m [0m[33m1[0m[0m[2m,[0m [0m[33m0[0m[0m[2m,[0m [0m[33m0[0m
  ][0m[2m,[0m [
    [0m[33m0[0m[0m[2m,[0m [0m[33m0[0m[0m[2m,[0m [0m[33m0[0m[0m[2m,[0m [0m[33m1[0m[0m[2m,[0m [0m[33m0[0m[0m[2m,[0m [0m[33m0[0m[0m[2m,[0m [0m[33m1[0m[0m[2m,[0m [0m[33m0[0m[0m[2m,[0m [0m[33m0[0m[0m[2m,[0m [0m[33m0[0m[0m[2m,[0m [0m[33m0[0m
  ][0m[2m,[0m [
    [0m[33m0[0m[0m[2m,[0m [0m[33m0[0m[0m[2m,[0m [0m[33m0[0m[0m[2m,[0m [0m[33m0[0m[0m[2m,[0m [0m[33m0[0m[0m[2m,[0m [0m[33m0[0m[0m[2m,[0m [0m[33m0[0m[0m[2m,[0m [0m[33m0[0m[0m[2m,[0m [0m[33m0[0m[0m[2m,[0m [0m[33m0[0m[0m[2m,[0m [0m[33m0[0m
  ][0m[2m,[0m [
    [0m[33m0[0m[0m[2m,[0m [0m[33m0[0m[0m[2m,[0m [0m[33m0[0m[0m[2m,[0m [0m[33m0[0m[0m[2m,[0m [0m[33m0[0m[0m[2m,[0m [0m[33m0[0m[0m[2m,[0m [0m[33m-1[0m[0m[2m,[0m [0m[33m-1[0m[0m[2m,[0m [0m[33m0[0m[0m[2m,[0m [0m[33m-1[0m[0m[2m,[0m [0m[33m0[0m
  ][0m[2m,[0m [
    [0m[33m-1[0m[0m[2m,[0m [0m[33m0[0m[0m[2m,[0m [0m[33m-1[0m[0m[2m,[0m [0m[33m1[0m[0m[2m,[0m [0m[33m0[0m[0m[2m,[0m [0m[33m0[0m[0m[2m,[0m [0m[33m1[0m[0m[2m,[0m [0m[33m0[0m[0m[2m,[0m [0m[33m0[0m[0m[2m,[0m [0m[33m0[0m[0m[2m,[0m [0m[33m0[0m
  ][0m[2m,[0m [
    [0m[33m0[0m[0m[2m,[0m [0m[33m0[0m[0m[2m,[0m [0m[33m1[0m[0m[2m,[0m [0m[33m0[0m[0m[2m,[0m [0m[33m1[0m[0m[2m,[0m [0m[33m0[0m[0m[2m,[0m [0m[33m0[0m[0m[2m,[0m [0m[33m0[0m[0m[2m,[0m [0m[33m0[0m[0m[2m,[0m [0m[33m-1[0m[0m[2m,[0m [0m[33m0[0m
  ][0m[2m,[0m [
    [0m[33m0[0m[0m[2m,[0m [0m[33m1[0m[0m[2m,[0m [0m[33m0[0m[0m[2m,[0m [0m[33m0[0m[0m[2m,[0m [0m[33m0[0m[0m[2m,[0m [0m[33m0[0m[0m[2m,[0m [0m[33m1[0m[0m[2m,[0m [0m[33m-1[0m[0m[2m,[0m [0m[33m0[0m[0m[2m,[0m [0m[33m0[0m[0m[2m,[0m [0m[33m2[0m
  ]
]
iteration [0m[33m4[0m
[
  [
    [0m[33m-1[0m[0m[2m,[0m [0m[33m0[0m[0m[2m,[0m [0m[33m-1[0m[0m[2m,[0m [0m[33m-2[0m[0m[2m,[0m [0m[33m0[0m[0m[2m,[0m [0m[33m0[0m[0m[2m,[0m [0m[33m0[0m[0m[2m,[0m [0m[33m0[0m[0m[2m,[0m [0m[33m0[0m[0m[2m,[0m [0m[33m0[0m[0m[2m,[0m [0m[33m0[0m
  ][0m[2m,[0m [
    [0m[33m0[0m[0m[2m,[0m [0m[33m0[0m[0m[2m,[0m [0m[33m0[0m[0m[2m,[0m [0m[33m0[0m[0m[2m,[0m [0m[33m0[0m[0m[2m,[0m [0m[33m1[0m[0m[2m,[0m [0m[33m0[0m[0m[2m,[0m [0m[33m0[0m[0m[2m,[0m [0m[33m0[0m[0m[2m,[0m [0m[33m0[0m[0m[2m,[0m [0m[33m0[0m
  ][0m[2m,[0m [
    [0m[33m0[0m[0m[2m,[0m [0m[33m2[0m[0m[2m,[0m [0m[33m0[0m[0m[2m,[0m [0m[33m0[0m[0m[2m,[0m [0m[33m0[0m[0m[2m,[0m [0m[33m0[0m[0m[2m,[0m [0m[33m0[0m[0m[2m,[0m [0m[33m0[0m[0m[2m,[0m [0m[33m0[0m[0m[2m,[0m [0m[33m0[0m[0m[2m,[0m [0m[33m0[0m
  ][0m[2m,[0m [
    [0m[33m0[0m[0m[2m,[0m [0m[33m1[0m[0m[2m,[0m [0m[33m0[0m[0m[2m,[0m [0m[33m0[0m[0m[2m,[0m [0m[33m1[0m[0m[2m,[0m [0m[33m0[0m[0m[2m,[0m [0m[33m-1[0m[0m[2m,[0m [0m[33m-1[0m[0m[2m,[0m [0m[33m0[0m[0m[2m,[0m [0m[33m-1[0m[0m[2m,[0m [0m[33m-1[0m
  ][0m[2m,[0m [
    [0m[33m-1[0m[0m[2m,[0m [0m[33m0[0m[0m[2m,[0m [0m[33m-1[0m[0m[2m,[0m [0m[33m0[0m[0m[2m,[0m [0m[33m1[0m[0m[2m,[0m [0m[33m1[0m[0m[2m,[0m [0m[33m0[0m[0m[2m,[0m [0m[33m0[0m[0m[2m,[0m [0m[33m1[0m[0m[2m,[0m [0m[33m1[0m[0m[2m,[0m [0m[33m0[0m
  ][0m[2m,[0m [
    [0m[33m0[0m[0m[2m,[0m [0m[33m0[0m[0m[2m,[0m [0m[33m1[0m[0m[2m,[0m [0m[33m0[0m[0m[2m,[0m [0m[33m0[0m[0m[2m,[0m [0m[33m0[0m[0m[2m,[0m [0m[33m0[0m[0m[2m,[0m [0m[33m0[0m[0m[2m,[0m [0m[33m0[0m[0m[2m,[0m [0m[33m-1[0m[0m[2m,[0m [0m[33m0[0m
  ][0m[2m,[0m [
    [0m[33m0[0m[0m[2m,[0m [0m[33m0[0m[0m[2m,[0m [0m[33m1[0m[0m[2m,[0m [0m[33m0[0m[0m[2m,[0m [0m[33m0[0m[0m[2m,[0m [0m[33m1[0m[0m[2m,[0m [0m[33m0[0m[0m[2m,[0m [0m[33m-1[0m[0m[2m,[0m [0m[33m0[0m[0m[2m,[0m [0m[33m0[0m[0m[2m,[0m [0m[33m0[0m
  ]
]
iteration [0m[33m5[0m
[
  [
    [0m[33m-1[0m[0m[2m,[0m [0m[33m0[0m[0m[2m,[0m [0m[33m-1[0m[0m[2m,[0m [0m[33m-1[0m[0m[2m,[0m [0m[33m0[0m[0m[2m,[0m [0m[33m0[0m[0m[2m,[0m [0m[33m0[0m[0m[2m,[0m [0m[33m1[0m[0m[2m,[0m [0m[33m0[0m[0m[2m,[0m [0m[33m0[0m[0m[2m,[0m [0m[33m1[0m
  ][0m[2m,[0m [
    [0m[33m0[0m[0m[2m,[0m [0m[33m1[0m[0m[2m,[0m [0m[33m1[0m[0m[2m,[0m [0m[33m1[0m[0m[2m,[0m [0m[33m1[0m[0m[2m,[0m [0m[33m0[0m[0m[2m,[0m [0m[33m0[0m[0m[2m,[0m [0m[33m0[0m[0m[2m,[0m [0m[33m0[0m[0m[2m,[0m [0m[33m0[0m[0m[2m,[0m [0m[33m0[0m
  ][0m[2m,[0m [
    [0m[33m0[0m[0m[2m,[0m [0m[33m1[0m[0m[2m,[0m [0m[33m1[0m[0m[2m,[0m [0m[33m0[0m[0m[2m,[0m [0m[33m0[0m[0m[2m,[0m [0m[33m0[0m[0m[2m,[0m [0m[33m0[0m[0m[2m,[0m [0m[33m0[0m[0m[2m,[0m [0m[33m1[0m[0m[2m,[0m [0m[33m0[0m[0m[2m,[0m [0m[33m0[0m
  ][0m[2m,[0m [
    [0m[33m0[0m[0m[2m,[0m [0m[33m0[0m[0m[2m,[0m [0m[33m0[0m[0m[2m,[0m [0m[33m0[0m[0m[2m,[0m [0m[33m0[0m[0m[2m,[0m [0m[33m0[0m[0m[2m,[0m [0m[33m-1[0m[0m[2m,[0m [0m[33m-1[0m[0m[2m,[0m [0m[33m0[0m[0m[2m,[0m [0m[33m-1[0m[0m[2m,[0m [0m[33m-1[0m
  ][0m[2m,[0m [
    [0m[33m-1[0m[0m[2m,[0m [0m[33m0[0m[0m[2m,[0m [0m[33m-1[0m[0m[2m,[0m [0m[33m0[0m[0m[2m,[0m [0m[33m0[0m[0m[2m,[0m [0m[33m0[0m[0m[2m,[0m [0m[33m1[0m[0m[2m,[0m [0m[33m0[0m[0m[2m,[0m [0m[33m0[0m[0m[2m,[0m [0m[33m0[0m[0m[2m,[0m [0m[33m0[0m
  ][0m[2m,[0m [
    [0m[33m0[0m[0m[2m,[0m [0m[33m0[0m[0m[2m,[0m [0m[33m0[0m[0m[2m,[0m [0m[33m0[0m[0m[2m,[0m [0m[33m0[0m[0m[2m,[0m [0m[33m0[0m[0m[2m,[0m [0m[33m0[0m[0m[2m,[0m [0m[33m0[0m[0m[2m,[0m [0m[33m0[0m[0m[2m,[0m [0m[33m-1[0m[0m[2m,[0m [0m[33m0[0m
  ][0m[2m,[0m [
    [0m[33m1[0m[0m[2m,[0m [0m[33m0[0m[0m[2m,[0m [0m[33m0[0m[0m[2m,[0m [0m[33m0[0m[0m[2m,[0m [0m[33m0[0m[0m[2m,[0m [0m[33m0[0m[0m[2m,[0m [0m[33m0[0m[0m[2m,[0m [0m[33m-1[0m[0m[2m,[0m [0m[33m0[0m[0m[2m,[0m [0m[33m0[0m[0m[2m,[0m [0m[33m0[0m
  ]
]
iteration [0m[33m6[0m
[
  [
    [0m[33m0[0m[0m[2m,[0m [0m[33m0[0m[0m[2m,[0m [0m[33m-1[0m[0m[2m,[0m [0m[33m-2[0m[0m[2m,[0m [0m[33m0[0m[0m[2m,[0m [0m[33m1[0m[0m[2m,[0m [0m[33m0[0m[0m[2m,[0m [0m[33m2[0m[0m[2m,[0m [0m[33m0[0m[0m[2m,[0m [0m[33m0[0m[0m[2m,[0m [0m[33m0[0m
  ][0m[2m,[0m [
    [0m[33m0[0m[0m[2m,[0m [0m[33m0[0m[0m[2m,[0m [0m[33m0[0m[0m[2m,[0m [0m[33m0[0m[0m[2m,[0m [0m[33m0[0m[0m[2m,[0m [0m[33m0[0m[0m[2m,[0m [0m[33m0[0m[0m[2m,[0m [0m[33m0[0m[0m[2m,[0m [0m[33m0[0m[0m[2m,[0m [0m[33m0[0m[0m[2m,[0m [0m[33m0[0m
  ][0m[2m,[0m [
    [0m[33m0[0m[0m[2m,[0m [0m[33m0[0m[0m[2m,[0m [0m[33m0[0m[0m[2m,[0m [0m[33m0[0m[0m[2m,[0m [0m[33m0[0m[0m[2m,[0m [0m[33m0[0m[0m[2m,[0m [0m[33m0[0m[0m[2m,[0m [0m[33m0[0m[0m[2m,[0m [0m[33m0[0m[0m[2m,[0m [0m[33m0[0m[0m[2m,[0m [0m[33m0[0m
  ][0m[2m,[0m [
    [0m[33m1[0m[0m[2m,[0m [0m[33m1[0m[0m[2m,[0m [0m[33m0[0m[0m[2m,[0m [0m[33m1[0m[0m[2m,[0m [0m[33m0[0m[0m[2m,[0m [0m[33m0[0m[0m[2m,[0m [0m[33m-1[0m[0m[2m,[0m [0m[33m-1[0m[0m[2m,[0m [0m[33m0[0m[0m[2m,[0m [0m[33m-1[0m[0m[2m,[0m [0m[33m0[0m
  ][0m[2m,[0m [
    [0m[33m-1[0m[0m[2m,[0m [0m[33m0[0m[0m[2m,[0m [0m[33m-1[0m[0m[2m,[0m [0m[33m0[0m[0m[2m,[0m [0m[33m0[0m[0m[2m,[0m [0m[33m1[0m[0m[2m,[0m [0m[33m0[0m[0m[2m,[0m [0m[33m0[0m[0m[2m,[0m [0m[33m0[0m[0m[2m,[0m [0m[33m0[0m[0m[2m,[0m [0m[33m1[0m
  ][0m[2m,[0m [
    [0m[33m0[0m[0m[2m,[0m [0m[33m0[0m[0m[2m,[0m [0m[33m0[0m[0m[2m,[0m [0m[33m0[0m[0m[2m,[0m [0m[33m0[0m[0m[2m,[0m [0m[33m0[0m[0m[2m,[0m [0m[33m0[0m[0m[2m,[0m [0m[33m0[0m[0m[2m,[0m [0m[33m0[0m[0m[2m,[0m [0m[33m-1[0m[0m[2m,[0m [0m[33m1[0m
  ][0m[2m,[0m [
    [0m[33m1[0m[0m[2m,[0m [0m[33m0[0m[0m[2m,[0m [0m[33m0[0m[0m[2m,[0m [0m[33m0[0m[0m[2m,[0m [0m[33m0[0m[0m[2m,[0m [0m[33m0[0m[0m[2m,[0m [0m[33m0[0m[0m[2m,[0m [0m[33m-1[0m[0m[2m,[0m [0m[33m0[0m[0m[2m,[0m [0m[33m0[0m[0m[2m,[0m [0m[33m0[0m
  ]
]
iteration [0m[33m7[0m
[
  [
    [0m[33m-1[0m[0m[2m,[0m [0m[33m0[0m[0m[2m,[0m [0m[33m-1[0m[0m[2m,[0m [0m[33m-2[0m[0m[2m,[0m [0m[33m0[0m[0m[2m,[0m [0m[33m0[0m[0m[2m,[0m [0m[33m0[0m[0m[2m,[0m [0m[33m0[0m[0m[2m,[0m [0m[33m0[0m[0m[2m,[0m [0m[33m1[0m[0m[2m,[0m [0m[33m0[0m
  ][0m[2m,[0m [
    [0m[33m0[0m[0m[2m,[0m [0m[33m0[0m[0m[2m,[0m [0m[33m1[0m[0m[2m,[0m [0m[33m0[0m[0m[2m,[0m [0m[33m0[0m[0m[2m,[0m [0m[33m0[0m[0m[2m,[0m [0m[33m0[0m[0m[2m,[0m [0m[33m1[0m[0m[2m,[0m [0m[33m0[0m[0m[2m,[0m [0m[33m0[0m[0m[2m,[0m [0m[33m0[0m
  ][0m[2m,[0m [
    [0m[33m0[0m[0m[2m,[0m [0m[33m0[0m[0m[2m,[0m [0m[33m0[0m[0m[2m,[0m [0m[33m0[0m[0m[2m,[0m [0m[33m0[0m[0m[2m,[0m [0m[33m0[0m[0m[2m,[0m [0m[33m0[0m[0m[2m,[0m [0m[33m1[0m[0m[2m,[0m [0m[33m0[0m[0m[2m,[0m [0m[33m0[0m[0m[2m,[0m [0m[33m0[0m
  ][0m[2m,[0m [
    [0m[33m0[0m[0m[2m,[0m [0m[33m0[0m[0m[2m,[0m [0m[33m0[0m[0m[2m,[0m [0m[33m0[0m[0m[2m,[0m [0m[33m0[0m[0m[2m,[0m [0m[33m0[0m[0m[2m,[0m [0m[33m-1[0m[0m[2m,[0m [0m[33m-1[0m[0m[2m,[0m [0m[33m1[0m[0m[2m,[0m [0m[33m-1[0m[0m[2m,[0m [0m[33m0[0m
  ][0m[2m,[0m [
    [0m[33m-1[0m[0m[2m,[0m [0m[33m0[0m[0m[2m,[0m [0m[33m-1[0m[0m[2m,[0m [0m[33m0[0m[0m[2m,[0m [0m[33m0[0m[0m[2m,[0m [0m[33m0[0m[0m[2m,[0m [0m[33m0[0m[0m[2m,[0m [0m[33m0[0m[0m[2m,[0m [0m[33m0[0m[0m[2m,[0m [0m[33m0[0m[0m[2m,[0m [0m[33m0[0m
  ][0m[2m,[0m [
    [0m[33m0[0m[0m[2m,[0m [0m[33m0[0m[0m[2m,[0m [0m[33m1[0m[0m[2m,[0m [0m[33m0[0m[0m[2m,[0m [0m[33m0[0m[0m[2m,[0m [0m[33m0[0m[0m[2m,[0m [0m[33m1[0m[0m[2m,[0m [0m[33m0[0m[0m[2m,[0m [0m[33m0[0m[0m[2m,[0m [0m[33m0[0m[0m[2m,[0m [0m[33m1[0m
  ][0m[2m,[0m [
    [0m[33m0[0m[0m[2m,[0m [0m[33m0[0m[0m[2m,[0m [0m[33m0[0m[0m[2m,[0m [0m[33m1[0m[0m[2m,[0m [0m[33m0[0m[0m[2m,[0m [0m[33m0[0m[0m[2m,[0m [0m[33m0[0m[0m[2m,[0m [0m[33m0[0m[0m[2m,[0m [0m[33m0[0m[0m[2m,[0m [0m[33m0[0m[0m[2m,[0m [0m[33m0[0m
  ]
]
iteration [0m[33m8[0m
[
  [
    [0m[33m-1[0m[0m[2m,[0m [0m[33m1[0m[0m[2m,[0m [0m[33m-1[0m[0m[2m,[0m [0m[33m-2[0m[0m[2m,[0m [0m[33m0[0m[0m[2m,[0m [0m[33m0[0m[0m[2m,[0m [0m[33m0[0m[0m[2m,[0m [0m[33m0[0m[0m[2m,[0m [0m[33m0[0m[0m[2m,[0m [0m[33m2[0m[0m[2m,[0m [0m[33m0[0m
  ][0m[2m,[0m [
    [0m[33m0[0m[0m[2m,[0m [0m[33m0[0m[0m[2m,[0m [0m[33m0[0m[0m[2m,[0m [0m[33m0[0m[0m[2m,[0m [0m[33m0[0m[0m[2m,[0m [0m[33m0[0m[0m[2m,[0m [0m[33m0[0m[0m[2m,[0m [0m[33m0[0m[0m[2m,[0m [0m[33m0[0m[0m[2m,[0m [0m[33m0[0m[0m[2m,[0m [0m[33m0[0m
  ][0m[2m,[0m [
    [0m[33m0[0m[0m[2m,[0m [0m[33m0[0m[0m[2m,[0m [0m[33m0[0m[0m[2m,[0m [0m[33m0[0m[0m[2m,[0m [0m[33m0[0m[0m[2m,[0m [0m[33m1[0m[0m[2m,[0m [0m[33m0[0m[0m[2m,[0m [0m[33m0[0m[0m[2m,[0m [0m[33m0[0m[0m[2m,[0m [0m[33m0[0m[0m[2m,[0m [0m[33m0[0m
  ][0m[2m,[0m [
    [0m[33m0[0m[0m[2m,[0m [0m[33m0[0m[0m[2m,[0m [0m[33m0[0m[0m[2m,[0m [0m[33m0[0m[0m[2m,[0m [0m[33m0[0m[0m[2m,[0m [0m[33m1[0m[0m[2m,[0m [0m[33m-1[0m[0m[2m,[0m [0m[33m0[0m[0m[2m,[0m [0m[33m0[0m[0m[2m,[0m [0m[33m-1[0m[0m[2m,[0m [0m[33m-1[0m
  ][0m[2m,[0m [
    [0m[33m-1[0m[0m[2m,[0m [0m[33m0[0m[0m[2m,[0m [0m[33m-1[0m[0m[2m,[0m [0m[33m0[0m[0m[2m,[0m [0m[33m0[0m[0m[2m,[0m [0m[33m0[0m[0m[2m,[0m [0m[33m0[0m[0m[2m,[0m [0m[33m0[0m[0m[2m,[0m [0m[33m1[0m[0m[2m,[0m [0m[33m0[0m[0m[2m,[0m [0m[33m0[0m
  ][0m[2m,[0m [
    [0m[33m0[0m[0m[2m,[0m [0m[33m0[0m[0m[2m,[0m [0m[33m0[0m[0m[2m,[0m [0m[33m0[0m[0m[2m,[0m [0m[33m0[0m[0m[2m,[0m [0m[33m1[0m[0m[2m,[0m [0m[33m0[0m[0m[2m,[0m [0m[33m0[0m[0m[2m,[0m [0m[33m0[0m[0m[2m,[0m [0m[33m1[0m[0m[2m,[0m [0m[33m0[0m
  ][0m[2m,[0m [
    [0m[33m0[0m[0m[2m,[0m [0m[33m0[0m[0m[2m,[0m [0m[33m0[0m[0m[2m,[0m [0m[33m0[0m[0m[2m,[0m [0m[33m1[0m[0m[2m,[0m [0m[33m0[0m[0m[2m,[0m [0m[33m0[0m[0m[2m,[0m [0m[33m-1[0m[0m[2m,[0m [0m[33m0[0m[0m[2m,[0m [0m[33m1[0m[0m[2m,[0m [0m[33m0[0m
  ]
]
iteration [0m[33m9[0m
[
  [
    [0m[33m-1[0m[0m[2m,[0m [0m[33m0[0m[0m[2m,[0m [0m[33m-1[0m[0m[2m,[0m [0m[33m-2[0m[0m[2m,[0m [0m[33m0[0m[0m[2m,[0m [0m[33m0[0m[0m[2m,[0m [0m[33m0[0m[0m[2m,[0m [0m[33m0[0m[0m[2m,[0m [0m[33m0[0m[0m[2m,[0m [0m[33m0[0m[0m[2m,[0m [0m[33m0[0m
  ][0m[2m,[0m [
    [0m[33m0[0m[0m[2m,[0m [0m[33m0[0m[0m[2m,[0m [0m[33m0[0m[0m[2m,[0m [0m[33m0[0m[0m[2m,[0m [0m[33m1[0m[0m[2m,[0m [0m[33m1[0m[0m[2m,[0m [0m[33m0[0m[0m[2m,[0m [0m[33m1[0m[0m[2m,[0m [0m[33m0[0m[0m[2m,[0m [0m[33m0[0m[0m[2m,[0m [0m[33m0[0m
  ][0m[2m,[0m [
    [0m[33m2[0m[0m[2m,[0m [0m[33m0[0m[0m[2m,[0m [0m[33m0[0m[0m[2m,[0m [0m[33m0[0m[0m[2m,[0m [0m[33m0[0m[0m[2m,[0m [0m[33m0[0m[0m[2m,[0m [0m[33m0[0m[0m[2m,[0m [0m[33m0[0m[0m[2m,[0m [0m[33m2[0m[0m[2m,[0m [0m[33m0[0m[0m[2m,[0m [0m[33m1[0m
  ][0m[2m,[0m [
    [0m[33m0[0m[0m[2m,[0m [0m[33m1[0m[0m[2m,[0m [0m[33m0[0m[0m[2m,[0m [0m[33m0[0m[0m[2m,[0m [0m[33m0[0m[0m[2m,[0m [0m[33m0[0m[0m[2m,[0m [0m[33m-1[0m[0m[2m,[0m [0m[33m-1[0m[0m[2m,[0m [0m[33m0[0m[0m[2m,[0m [0m[33m-1[0m[0m[2m,[0m [0m[33m-1[0m
  ][0m[2m,[0m [
    [0m[33m0[0m[0m[2m,[0m [0m[33m0[0m[0m[2m,[0m [0m[33m-1[0m[0m[2m,[0m [0m[33m0[0m[0m[2m,[0m [0m[33m0[0m[0m[2m,[0m [0m[33m0[0m[0m[2m,[0m [0m[33m0[0m[0m[2m,[0m [0m[33m0[0m[0m[2m,[0m [0m[33m1[0m[0m[2m,[0m [0m[33m0[0m[0m[2m,[0m [0m[33m0[0m
  ][0m[2m,[0m [
    [0m[33m0[0m[0m[2m,[0m [0m[33m0[0m[0m[2m,[0m [0m[33m0[0m[0m[2m,[0m [0m[33m0[0m[0m[2m,[0m [0m[33m0[0m[0m[2m,[0m [0m[33m0[0m[0m[2m,[0m [0m[33m0[0m[0m[2m,[0m [0m[33m1[0m[0m[2m,[0m [0m[33m0[0m[0m[2m,[0m [0m[33m-1[0m[0m[2m,[0m [0m[33m0[0m
  ][0m[2m,[0m [
    [0m[33m0[0m[0m[2m,[0m [0m[33m0[0m[0m[2m,[0m [0m[33m0[0m[0m[2m,[0m [0m[33m0[0m[0m[2m,[0m [0m[33m0[0m[0m[2m,[0m [0m[33m0[0m[0m[2m,[0m [0m[33m0[0m[0m[2m,[0m [0m[33m-1[0m[0m[2m,[0m [0m[33m0[0m[0m[2m,[0m [0m[33m0[0m[0m[2m,[0m [0m[33m0[0m
  ]
]
Your Answer: 0
